  user.cpp
c:\users\luxan\downloads\qtprojects\qtprojects\clientservercommunication\include\shared\../shared/package.h(123): error C2143: syntax error: missing ';' before '*'
c:\users\luxan\downloads\qtprojects\qtprojects\clientservercommunication\include\shared\../shared/package.h(123): error C4430: missing type specifier - int assumed. Note: C++ does not support default-int
c:\users\luxan\downloads\qtprojects\qtprojects\clientservercommunication\include\shared\../shared/package.h(123): error C2238: unexpected token(s) preceding ';'
c:\users\luxan\downloads\qtprojects\qtprojects\clientservercommunication\include\shared\../shared/package.h(125): error C2061: syntax error: identifier 'PackageBuffer'
c:\users\luxan\downloads\qtprojects\qtprojects\clientservercommunication\include\shared\../shared/package.h(126): error C2065: 'buf': undeclared identifier
c:\users\luxan\downloads\qtprojects\qtprojects\clientservercommunication\include\shared\../shared/package.h(127): error C2614: 'PackageMultiPackage': illegal member initialization: 'buff' is not a base or member
c:\users\luxan\downloads\qtprojects\qtprojects\clientservercommunication\include\shared\../shared/package.h(128): error C2065: 'buf': undeclared identifier
c:\users\luxan\downloads\qtprojects\qtprojects\clientservercommunication\include\shared\../shared/package.h(132): error C2065: 'buf': undeclared identifier
c:\users\luxan\downloads\qtprojects\qtprojects\clientservercommunication\include\shared\../shared/package.h(132): error C2227: left of '->getLength' must point to class/struct/union/generic type
  c:\users\luxan\downloads\qtprojects\qtprojects\clientservercommunication\include\shared\../shared/package.h(132): note: type is 'unknown-type'
c:\users\luxan\downloads\qtprojects\qtprojects\clientservercommunication\include\shared\../shared/package.h(134): error C2065: 'buf': undeclared identifier
c:\users\luxan\downloads\qtprojects\qtprojects\clientservercommunication\include\shared\../shared/package.h(134): error C2227: left of '->fillBuffer' must point to class/struct/union/generic type
  c:\users\luxan\downloads\qtprojects\qtprojects\clientservercommunication\include\shared\../shared/package.h(134): note: type is 'unknown-type'
c:\users\luxan\downloads\qtprojects\qtprojects\clientservercommunication\include\shared\../shared/package.h(135): error C2065: 'buf': undeclared identifier
c:\users\luxan\downloads\qtprojects\qtprojects\clientservercommunication\include\shared\../shared/package.h(135): error C2227: left of '->fillBuffer' must point to class/struct/union/generic type
  c:\users\luxan\downloads\qtprojects\qtprojects\clientservercommunication\include\shared\../shared/package.h(135): note: type is 'unknown-type'
c:\users\luxan\downloads\qtprojects\qtprojects\clientservercommunication\include\shared\../shared/package.h(140): error C2065: 'buff': undeclared identifier
c:\users\luxan\downloads\qtprojects\qtprojects\clientservercommunication\include\shared\../shared/package.h(140): error C2541: 'delete': cannot delete objects that are not pointers
c:\users\luxan\downloads\qtprojects\qtprojects\clientservercommunication\include\shared\../shared/package.h(150): error C2143: syntax error: missing ';' before '*'
c:\users\luxan\downloads\qtprojects\qtprojects\clientservercommunication\include\shared\../shared/package.h(150): error C4430: missing type specifier - int assumed. Note: C++ does not support default-int
c:\users\luxan\downloads\qtprojects\qtprojects\clientservercommunication\include\shared\../shared/package.h(150): error C2238: unexpected token(s) preceding ';'
c:\users\luxan\downloads\qtprojects\qtprojects\clientservercommunication\include\shared\../shared/package.h(165): error C2061: syntax error: identifier 'PackageBuffer'
c:\users\luxan\downloads\qtprojects\qtprojects\clientservercommunication\include\shared\../shared/package.h(154): error C2065: 'buff': undeclared identifier
c:\users\luxan\downloads\qtprojects\qtprojects\clientservercommunication\include\shared\../shared/package.h(154): error C2227: left of '->getLength' must point to class/struct/union/generic type
  c:\users\luxan\downloads\qtprojects\qtprojects\clientservercommunication\include\shared\../shared/package.h(154): note: type is 'unknown-type'
c:\users\luxan\downloads\qtprojects\qtprojects\clientservercommunication\include\shared\../shared/package.h(166): error C2065: 'buf': undeclared identifier
c:\users\luxan\downloads\qtprojects\qtprojects\clientservercommunication\include\shared\../shared/package.h(167): error C2614: 'PackageRequestAutocomplete': illegal member initialization: 'buff' is not a base or member
c:\users\luxan\downloads\qtprojects\qtprojects\clientservercommunication\include\shared\../shared/package.h(171): error C2065: 'buff': undeclared identifier
c:\users\luxan\downloads\qtprojects\qtprojects\clientservercommunication\include\shared\../shared/package.h(171): error C2227: left of '->getLength' must point to class/struct/union/generic type
  c:\users\luxan\downloads\qtprojects\qtprojects\clientservercommunication\include\shared\../shared/package.h(171): note: type is 'unknown-type'
c:\users\luxan\downloads\qtprojects\qtprojects\clientservercommunication\include\shared\../shared/package.h(190): error C2061: syntax error: identifier 'PackageBuffer'
c:\users\luxan\downloads\qtprojects\qtprojects\clientservercommunication\include\shared\../shared/package.h(191): error C2065: 'buf': undeclared identifier
c:\users\luxan\downloads\qtprojects\qtprojects\clientservercommunication\include\shared\../shared/package.h(197): error C2065: 'buff': undeclared identifier
c:\users\luxan\downloads\qtprojects\qtprojects\clientservercommunication\include\shared\../shared/package.h(197): error C2227: left of '->getLength' must point to class/struct/union/generic type
  c:\users\luxan\downloads\qtprojects\qtprojects\clientservercommunication\include\shared\../shared/package.h(197): note: type is 'unknown-type'
c:\users\luxan\downloads\qtprojects\qtprojects\clientservercommunication\include\shared\../shared/package.h(202): error C2065: 'buff': undeclared identifier
c:\users\luxan\downloads\qtprojects\qtprojects\clientservercommunication\include\shared\../shared/package.h(202): error C2227: left of '->getLength' must point to class/struct/union/generic type
  c:\users\luxan\downloads\qtprojects\qtprojects\clientservercommunication\include\shared\../shared/package.h(202): note: type is 'unknown-type'
  reference_buffer.cpp
..\..\src\shared\reference_buffer.cpp(1): fatal error C1083: Cannot open include file: '../../../include/shared/reference_buffer.h': No such file or directory
  package_buffer.cpp
  message.cpp
c:\users\luxan\downloads\qtprojects\qtprojects\clientservercommunication\include\shared\../shared/package.h(123): error C2143: syntax error: missing ';' before '*'
c:\users\luxan\downloads\qtprojects\qtprojects\clientservercommunication\include\shared\../shared/package.h(123): error C4430: missing type specifier - int assumed. Note: C++ does not support default-int
c:\users\luxan\downloads\qtprojects\qtprojects\clientservercommunication\include\shared\../shared/package.h(123): error C2238: unexpected token(s) preceding ';'
c:\users\luxan\downloads\qtprojects\qtprojects\clientservercommunication\include\shared\../shared/package.h(125): error C2061: syntax error: identifier 'PackageBuffer'
c:\users\luxan\downloads\qtprojects\qtprojects\clientservercommunication\include\shared\../shared/package.h(126): error C2065: 'buf': undeclared identifier
c:\users\luxan\downloads\qtprojects\qtprojects\clientservercommunication\include\shared\../shared/package.h(127): error C2614: 'PackageMultiPackage': illegal member initialization: 'buff' is not a base or member
c:\users\luxan\downloads\qtprojects\qtprojects\clientservercommunication\include\shared\../shared/package.h(128): error C2065: 'buf': undeclared identifier
c:\users\luxan\downloads\qtprojects\qtprojects\clientservercommunication\include\shared\../shared/package.h(132): error C2065: 'buf': undeclared identifier
c:\users\luxan\downloads\qtprojects\qtprojects\clientservercommunication\include\shared\../shared/package.h(132): error C2227: left of '->getLength' must point to class/struct/union/generic type
  c:\users\luxan\downloads\qtprojects\qtprojects\clientservercommunication\include\shared\../shared/package.h(132): note: type is 'unknown-type'
c:\users\luxan\downloads\qtprojects\qtprojects\clientservercommunication\include\shared\../shared/package.h(134): error C2065: 'buf': undeclared identifier
c:\users\luxan\downloads\qtprojects\qtprojects\clientservercommunication\include\shared\../shared/package.h(134): error C2227: left of '->fillBuffer' must point to class/struct/union/generic type
  c:\users\luxan\downloads\qtprojects\qtprojects\clientservercommunication\include\shared\../shared/package.h(134): note: type is 'unknown-type'
c:\users\luxan\downloads\qtprojects\qtprojects\clientservercommunication\include\shared\../shared/package.h(135): error C2065: 'buf': undeclared identifier
c:\users\luxan\downloads\qtprojects\qtprojects\clientservercommunication\include\shared\../shared/package.h(135): error C2227: left of '->fillBuffer' must point to class/struct/union/generic type
  c:\users\luxan\downloads\qtprojects\qtprojects\clientservercommunication\include\shared\../shared/package.h(135): note: type is 'unknown-type'
c:\users\luxan\downloads\qtprojects\qtprojects\clientservercommunication\include\shared\../shared/package.h(140): error C2065: 'buff': undeclared identifier
c:\users\luxan\downloads\qtprojects\qtprojects\clientservercommunication\include\shared\../shared/package.h(140): error C2541: 'delete': cannot delete objects that are not pointers
c:\users\luxan\downloads\qtprojects\qtprojects\clientservercommunication\include\shared\../shared/package.h(150): error C2143: syntax error: missing ';' before '*'
c:\users\luxan\downloads\qtprojects\qtprojects\clientservercommunication\include\shared\../shared/package.h(150): error C4430: missing type specifier - int assumed. Note: C++ does not support default-int
c:\users\luxan\downloads\qtprojects\qtprojects\clientservercommunication\include\shared\../shared/package.h(150): error C2238: unexpected token(s) preceding ';'
c:\users\luxan\downloads\qtprojects\qtprojects\clientservercommunication\include\shared\../shared/package.h(165): error C2061: syntax error: identifier 'PackageBuffer'
c:\users\luxan\downloads\qtprojects\qtprojects\clientservercommunication\include\shared\../shared/package.h(154): error C2065: 'buff': undeclared identifier
c:\users\luxan\downloads\qtprojects\qtprojects\clientservercommunication\include\shared\../shared/package.h(154): error C2227: left of '->getLength' must point to class/struct/union/generic type
  c:\users\luxan\downloads\qtprojects\qtprojects\clientservercommunication\include\shared\../shared/package.h(154): note: type is 'unknown-type'
c:\users\luxan\downloads\qtprojects\qtprojects\clientservercommunication\include\shared\../shared/package.h(166): error C2065: 'buf': undeclared identifier
c:\users\luxan\downloads\qtprojects\qtprojects\clientservercommunication\include\shared\../shared/package.h(167): error C2614: 'PackageRequestAutocomplete': illegal member initialization: 'buff' is not a base or member
c:\users\luxan\downloads\qtprojects\qtprojects\clientservercommunication\include\shared\../shared/package.h(171): error C2065: 'buff': undeclared identifier
c:\users\luxan\downloads\qtprojects\qtprojects\clientservercommunication\include\shared\../shared/package.h(171): error C2227: left of '->getLength' must point to class/struct/union/generic type
  c:\users\luxan\downloads\qtprojects\qtprojects\clientservercommunication\include\shared\../shared/package.h(171): note: type is 'unknown-type'
c:\users\luxan\downloads\qtprojects\qtprojects\clientservercommunication\include\shared\../shared/package.h(190): error C2061: syntax error: identifier 'PackageBuffer'
c:\users\luxan\downloads\qtprojects\qtprojects\clientservercommunication\include\shared\../shared/package.h(191): error C2065: 'buf': undeclared identifier
c:\users\luxan\downloads\qtprojects\qtprojects\clientservercommunication\include\shared\../shared/package.h(197): error C2065: 'buff': undeclared identifier
c:\users\luxan\downloads\qtprojects\qtprojects\clientservercommunication\include\shared\../shared/package.h(197): error C2227: left of '->getLength' must point to class/struct/union/generic type
  c:\users\luxan\downloads\qtprojects\qtprojects\clientservercommunication\include\shared\../shared/package.h(197): note: type is 'unknown-type'
c:\users\luxan\downloads\qtprojects\qtprojects\clientservercommunication\include\shared\../shared/package.h(202): error C2065: 'buff': undeclared identifier
c:\users\luxan\downloads\qtprojects\qtprojects\clientservercommunication\include\shared\../shared/package.h(202): error C2227: left of '->getLength' must point to class/struct/union/generic type
  c:\users\luxan\downloads\qtprojects\qtprojects\clientservercommunication\include\shared\../shared/package.h(202): note: type is 'unknown-type'
  log.cpp
  key.cpp
  clientid.cpp
  bufferspitter.cpp
c1xx : fatal error C1083: Cannot open source file: '..\..\src\shared\bufferspitter.cpp': No such file or directory
  __main.cpp
..\..\src\server\__main.cpp(4): fatal error C1083: Cannot open include file: 'QApplication': No such file or directory
  tcpchannel.cpp
..\..\src\server\tcpchannel.cpp(5): fatal error C1083: Cannot open include file: 'sys/socket.h': No such file or directory
  task_queue.cpp
c:\users\luxan\downloads\qtprojects\qtprojects\clientservercommunication\include\shared\../shared/package.h(123): error C2143: syntax error: missing ';' before '*'
c:\users\luxan\downloads\qtprojects\qtprojects\clientservercommunication\include\shared\../shared/package.h(123): error C4430: missing type specifier - int assumed. Note: C++ does not support default-int
c:\users\luxan\downloads\qtprojects\qtprojects\clientservercommunication\include\shared\../shared/package.h(123): error C2238: unexpected token(s) preceding ';'
c:\users\luxan\downloads\qtprojects\qtprojects\clientservercommunication\include\shared\../shared/package.h(125): error C2061: syntax error: identifier 'PackageBuffer'
c:\users\luxan\downloads\qtprojects\qtprojects\clientservercommunication\include\shared\../shared/package.h(126): error C2065: 'buf': undeclared identifier
c:\users\luxan\downloads\qtprojects\qtprojects\clientservercommunication\include\shared\../shared/package.h(127): error C2614: 'PackageMultiPackage': illegal member initialization: 'buff' is not a base or member
c:\users\luxan\downloads\qtprojects\qtprojects\clientservercommunication\include\shared\../shared/package.h(128): error C2065: 'buf': undeclared identifier
c:\users\luxan\downloads\qtprojects\qtprojects\clientservercommunication\include\shared\../shared/package.h(132): error C2065: 'buf': undeclared identifier
c:\users\luxan\downloads\qtprojects\qtprojects\clientservercommunication\include\shared\../shared/package.h(132): error C2227: left of '->getLength' must point to class/struct/union/generic type
  c:\users\luxan\downloads\qtprojects\qtprojects\clientservercommunication\include\shared\../shared/package.h(132): note: type is 'unknown-type'
c:\users\luxan\downloads\qtprojects\qtprojects\clientservercommunication\include\shared\../shared/package.h(134): error C2065: 'buf': undeclared identifier
c:\users\luxan\downloads\qtprojects\qtprojects\clientservercommunication\include\shared\../shared/package.h(134): error C2227: left of '->fillBuffer' must point to class/struct/union/generic type
  c:\users\luxan\downloads\qtprojects\qtprojects\clientservercommunication\include\shared\../shared/package.h(134): note: type is 'unknown-type'
c:\users\luxan\downloads\qtprojects\qtprojects\clientservercommunication\include\shared\../shared/package.h(135): error C2065: 'buf': undeclared identifier
c:\users\luxan\downloads\qtprojects\qtprojects\clientservercommunication\include\shared\../shared/package.h(135): error C2227: left of '->fillBuffer' must point to class/struct/union/generic type
  c:\users\luxan\downloads\qtprojects\qtprojects\clientservercommunication\include\shared\../shared/package.h(135): note: type is 'unknown-type'
c:\users\luxan\downloads\qtprojects\qtprojects\clientservercommunication\include\shared\../shared/package.h(140): error C2065: 'buff': undeclared identifier
c:\users\luxan\downloads\qtprojects\qtprojects\clientservercommunication\include\shared\../shared/package.h(140): error C2541: 'delete': cannot delete objects that are not pointers
c:\users\luxan\downloads\qtprojects\qtprojects\clientservercommunication\include\shared\../shared/package.h(150): error C2143: syntax error: missing ';' before '*'
c:\users\luxan\downloads\qtprojects\qtprojects\clientservercommunication\include\shared\../shared/package.h(150): error C4430: missing type specifier - int assumed. Note: C++ does not support default-int
c:\users\luxan\downloads\qtprojects\qtprojects\clientservercommunication\include\shared\../shared/package.h(150): error C2238: unexpected token(s) preceding ';'
c:\users\luxan\downloads\qtprojects\qtprojects\clientservercommunication\include\shared\../shared/package.h(165): error C2061: syntax error: identifier 'PackageBuffer'
c:\users\luxan\downloads\qtprojects\qtprojects\clientservercommunication\include\shared\../shared/package.h(154): error C2065: 'buff': undeclared identifier
c:\users\luxan\downloads\qtprojects\qtprojects\clientservercommunication\include\shared\../shared/package.h(154): error C2227: left of '->getLength' must point to class/struct/union/generic type
  c:\users\luxan\downloads\qtprojects\qtprojects\clientservercommunication\include\shared\../shared/package.h(154): note: type is 'unknown-type'
c:\users\luxan\downloads\qtprojects\qtprojects\clientservercommunication\include\shared\../shared/package.h(166): error C2065: 'buf': undeclared identifier
c:\users\luxan\downloads\qtprojects\qtprojects\clientservercommunication\include\shared\../shared/package.h(167): error C2614: 'PackageRequestAutocomplete': illegal member initialization: 'buff' is not a base or member
c:\users\luxan\downloads\qtprojects\qtprojects\clientservercommunication\include\shared\../shared/package.h(171): error C2065: 'buff': undeclared identifier
c:\users\luxan\downloads\qtprojects\qtprojects\clientservercommunication\include\shared\../shared/package.h(171): error C2227: left of '->getLength' must point to class/struct/union/generic type
  c:\users\luxan\downloads\qtprojects\qtprojects\clientservercommunication\include\shared\../shared/package.h(171): note: type is 'unknown-type'
c:\users\luxan\downloads\qtprojects\qtprojects\clientservercommunication\include\shared\../shared/package.h(190): error C2061: syntax error: identifier 'PackageBuffer'
c:\users\luxan\downloads\qtprojects\qtprojects\clientservercommunication\include\shared\../shared/package.h(191): error C2065: 'buf': undeclared identifier
c:\users\luxan\downloads\qtprojects\qtprojects\clientservercommunication\include\shared\../shared/package.h(197): error C2065: 'buff': undeclared identifier
c:\users\luxan\downloads\qtprojects\qtprojects\clientservercommunication\include\shared\../shared/package.h(197): error C2227: left of '->getLength' must point to class/struct/union/generic type
  c:\users\luxan\downloads\qtprojects\qtprojects\clientservercommunication\include\shared\../shared/package.h(197): note: type is 'unknown-type'
c:\users\luxan\downloads\qtprojects\qtprojects\clientservercommunication\include\shared\../shared/package.h(202): error C2065: 'buff': undeclared identifier
c:\users\luxan\downloads\qtprojects\qtprojects\clientservercommunication\include\shared\../shared/package.h(202): error C2227: left of '->getLength' must point to class/struct/union/generic type
  c:\users\luxan\downloads\qtprojects\qtprojects\clientservercommunication\include\shared\../shared/package.h(202): note: type is 'unknown-type'
  task.cpp
c:\users\luxan\downloads\qtprojects\qtprojects\clientservercommunication\include\shared\../shared/package.h(123): error C2143: syntax error: missing ';' before '*'
c:\users\luxan\downloads\qtprojects\qtprojects\clientservercommunication\include\shared\../shared/package.h(123): error C4430: missing type specifier - int assumed. Note: C++ does not support default-int
c:\users\luxan\downloads\qtprojects\qtprojects\clientservercommunication\include\shared\../shared/package.h(123): error C2238: unexpected token(s) preceding ';'
c:\users\luxan\downloads\qtprojects\qtprojects\clientservercommunication\include\shared\../shared/package.h(125): error C2061: syntax error: identifier 'PackageBuffer'
c:\users\luxan\downloads\qtprojects\qtprojects\clientservercommunication\include\shared\../shared/package.h(126): error C2065: 'buf': undeclared identifier
c:\users\luxan\downloads\qtprojects\qtprojects\clientservercommunication\include\shared\../shared/package.h(127): error C2614: 'PackageMultiPackage': illegal member initialization: 'buff' is not a base or member
c:\users\luxan\downloads\qtprojects\qtprojects\clientservercommunication\include\shared\../shared/package.h(128): error C2065: 'buf': undeclared identifier
c:\users\luxan\downloads\qtprojects\qtprojects\clientservercommunication\include\shared\../shared/package.h(132): error C2065: 'buf': undeclared identifier
c:\users\luxan\downloads\qtprojects\qtprojects\clientservercommunication\include\shared\../shared/package.h(132): error C2227: left of '->getLength' must point to class/struct/union/generic type
  c:\users\luxan\downloads\qtprojects\qtprojects\clientservercommunication\include\shared\../shared/package.h(132): note: type is 'unknown-type'
c:\users\luxan\downloads\qtprojects\qtprojects\clientservercommunication\include\shared\../shared/package.h(134): error C2065: 'buf': undeclared identifier
c:\users\luxan\downloads\qtprojects\qtprojects\clientservercommunication\include\shared\../shared/package.h(134): error C2227: left of '->fillBuffer' must point to class/struct/union/generic type
  c:\users\luxan\downloads\qtprojects\qtprojects\clientservercommunication\include\shared\../shared/package.h(134): note: type is 'unknown-type'
c:\users\luxan\downloads\qtprojects\qtprojects\clientservercommunication\include\shared\../shared/package.h(135): error C2065: 'buf': undeclared identifier
c:\users\luxan\downloads\qtprojects\qtprojects\clientservercommunication\include\shared\../shared/package.h(135): error C2227: left of '->fillBuffer' must point to class/struct/union/generic type
  c:\users\luxan\downloads\qtprojects\qtprojects\clientservercommunication\include\shared\../shared/package.h(135): note: type is 'unknown-type'
c:\users\luxan\downloads\qtprojects\qtprojects\clientservercommunication\include\shared\../shared/package.h(140): error C2065: 'buff': undeclared identifier
c:\users\luxan\downloads\qtprojects\qtprojects\clientservercommunication\include\shared\../shared/package.h(140): error C2541: 'delete': cannot delete objects that are not pointers
c:\users\luxan\downloads\qtprojects\qtprojects\clientservercommunication\include\shared\../shared/package.h(150): error C2143: syntax error: missing ';' before '*'
c:\users\luxan\downloads\qtprojects\qtprojects\clientservercommunication\include\shared\../shared/package.h(150): error C4430: missing type specifier - int assumed. Note: C++ does not support default-int
c:\users\luxan\downloads\qtprojects\qtprojects\clientservercommunication\include\shared\../shared/package.h(150): error C2238: unexpected token(s) preceding ';'
c:\users\luxan\downloads\qtprojects\qtprojects\clientservercommunication\include\shared\../shared/package.h(165): error C2061: syntax error: identifier 'PackageBuffer'
c:\users\luxan\downloads\qtprojects\qtprojects\clientservercommunication\include\shared\../shared/package.h(154): error C2065: 'buff': undeclared identifier
c:\users\luxan\downloads\qtprojects\qtprojects\clientservercommunication\include\shared\../shared/package.h(154): error C2227: left of '->getLength' must point to class/struct/union/generic type
  c:\users\luxan\downloads\qtprojects\qtprojects\clientservercommunication\include\shared\../shared/package.h(154): note: type is 'unknown-type'
c:\users\luxan\downloads\qtprojects\qtprojects\clientservercommunication\include\shared\../shared/package.h(166): error C2065: 'buf': undeclared identifier
c:\users\luxan\downloads\qtprojects\qtprojects\clientservercommunication\include\shared\../shared/package.h(167): error C2614: 'PackageRequestAutocomplete': illegal member initialization: 'buff' is not a base or member
c:\users\luxan\downloads\qtprojects\qtprojects\clientservercommunication\include\shared\../shared/package.h(171): error C2065: 'buff': undeclared identifier
c:\users\luxan\downloads\qtprojects\qtprojects\clientservercommunication\include\shared\../shared/package.h(171): error C2227: left of '->getLength' must point to class/struct/union/generic type
  c:\users\luxan\downloads\qtprojects\qtprojects\clientservercommunication\include\shared\../shared/package.h(171): note: type is 'unknown-type'
c:\users\luxan\downloads\qtprojects\qtprojects\clientservercommunication\include\shared\../shared/package.h(190): error C2061: syntax error: identifier 'PackageBuffer'
c:\users\luxan\downloads\qtprojects\qtprojects\clientservercommunication\include\shared\../shared/package.h(191): error C2065: 'buf': undeclared identifier
c:\users\luxan\downloads\qtprojects\qtprojects\clientservercommunication\include\shared\../shared/package.h(197): error C2065: 'buff': undeclared identifier
c:\users\luxan\downloads\qtprojects\qtprojects\clientservercommunication\include\shared\../shared/package.h(197): error C2227: left of '->getLength' must point to class/struct/union/generic type
  c:\users\luxan\downloads\qtprojects\qtprojects\clientservercommunication\include\shared\../shared/package.h(197): note: type is 'unknown-type'
c:\users\luxan\downloads\qtprojects\qtprojects\clientservercommunication\include\shared\../shared/package.h(202): error C2065: 'buff': undeclared identifier
c:\users\luxan\downloads\qtprojects\qtprojects\clientservercommunication\include\shared\../shared/package.h(202): error C2227: left of '->getLength' must point to class/struct/union/generic type
  c:\users\luxan\downloads\qtprojects\qtprojects\clientservercommunication\include\shared\../shared/package.h(202): note: type is 'unknown-type'
  slog.cpp
c:\users\luxan\downloads\qtprojects\qtprojects\clientservercommunication\src\server\../../include/server/mainwindow.h(4): fatal error C1083: Cannot open include file: 'QMainWindow': No such file or directory
  message_worker.cpp
c:\users\luxan\downloads\qtprojects\qtprojects\clientservercommunication\include\shared\../shared/package.h(123): error C2143: syntax error: missing ';' before '*'
c:\users\luxan\downloads\qtprojects\qtprojects\clientservercommunication\include\shared\../shared/package.h(123): error C4430: missing type specifier - int assumed. Note: C++ does not support default-int
c:\users\luxan\downloads\qtprojects\qtprojects\clientservercommunication\include\shared\../shared/package.h(123): error C2238: unexpected token(s) preceding ';'
c:\users\luxan\downloads\qtprojects\qtprojects\clientservercommunication\include\shared\../shared/package.h(125): error C2061: syntax error: identifier 'PackageBuffer'
c:\users\luxan\downloads\qtprojects\qtprojects\clientservercommunication\include\shared\../shared/package.h(126): error C2065: 'buf': undeclared identifier
c:\users\luxan\downloads\qtprojects\qtprojects\clientservercommunication\include\shared\../shared/package.h(127): error C2614: 'PackageMultiPackage': illegal member initialization: 'buff' is not a base or member
c:\users\luxan\downloads\qtprojects\qtprojects\clientservercommunication\include\shared\../shared/package.h(128): error C2065: 'buf': undeclared identifier
c:\users\luxan\downloads\qtprojects\qtprojects\clientservercommunication\include\shared\../shared/package.h(132): error C2065: 'buf': undeclared identifier
c:\users\luxan\downloads\qtprojects\qtprojects\clientservercommunication\include\shared\../shared/package.h(132): error C2227: left of '->getLength' must point to class/struct/union/generic type
  c:\users\luxan\downloads\qtprojects\qtprojects\clientservercommunication\include\shared\../shared/package.h(132): note: type is 'unknown-type'
c:\users\luxan\downloads\qtprojects\qtprojects\clientservercommunication\include\shared\../shared/package.h(134): error C2065: 'buf': undeclared identifier
c:\users\luxan\downloads\qtprojects\qtprojects\clientservercommunication\include\shared\../shared/package.h(134): error C2227: left of '->fillBuffer' must point to class/struct/union/generic type
  c:\users\luxan\downloads\qtprojects\qtprojects\clientservercommunication\include\shared\../shared/package.h(134): note: type is 'unknown-type'
c:\users\luxan\downloads\qtprojects\qtprojects\clientservercommunication\include\shared\../shared/package.h(135): error C2065: 'buf': undeclared identifier
c:\users\luxan\downloads\qtprojects\qtprojects\clientservercommunication\include\shared\../shared/package.h(135): error C2227: left of '->fillBuffer' must point to class/struct/union/generic type
  c:\users\luxan\downloads\qtprojects\qtprojects\clientservercommunication\include\shared\../shared/package.h(135): note: type is 'unknown-type'
c:\users\luxan\downloads\qtprojects\qtprojects\clientservercommunication\include\shared\../shared/package.h(140): error C2065: 'buff': undeclared identifier
c:\users\luxan\downloads\qtprojects\qtprojects\clientservercommunication\include\shared\../shared/package.h(140): error C2541: 'delete': cannot delete objects that are not pointers
c:\users\luxan\downloads\qtprojects\qtprojects\clientservercommunication\include\shared\../shared/package.h(150): error C2143: syntax error: missing ';' before '*'
c:\users\luxan\downloads\qtprojects\qtprojects\clientservercommunication\include\shared\../shared/package.h(150): error C4430: missing type specifier - int assumed. Note: C++ does not support default-int
c:\users\luxan\downloads\qtprojects\qtprojects\clientservercommunication\include\shared\../shared/package.h(150): error C2238: unexpected token(s) preceding ';'
c:\users\luxan\downloads\qtprojects\qtprojects\clientservercommunication\include\shared\../shared/package.h(165): error C2061: syntax error: identifier 'PackageBuffer'
c:\users\luxan\downloads\qtprojects\qtprojects\clientservercommunication\include\shared\../shared/package.h(154): error C2065: 'buff': undeclared identifier
c:\users\luxan\downloads\qtprojects\qtprojects\clientservercommunication\include\shared\../shared/package.h(154): error C2227: left of '->getLength' must point to class/struct/union/generic type
  c:\users\luxan\downloads\qtprojects\qtprojects\clientservercommunication\include\shared\../shared/package.h(154): note: type is 'unknown-type'
c:\users\luxan\downloads\qtprojects\qtprojects\clientservercommunication\include\shared\../shared/package.h(166): error C2065: 'buf': undeclared identifier
c:\users\luxan\downloads\qtprojects\qtprojects\clientservercommunication\include\shared\../shared/package.h(167): error C2614: 'PackageRequestAutocomplete': illegal member initialization: 'buff' is not a base or member
c:\users\luxan\downloads\qtprojects\qtprojects\clientservercommunication\include\shared\../shared/package.h(171): error C2065: 'buff': undeclared identifier
c:\users\luxan\downloads\qtprojects\qtprojects\clientservercommunication\include\shared\../shared/package.h(171): error C2227: left of '->getLength' must point to class/struct/union/generic type
  c:\users\luxan\downloads\qtprojects\qtprojects\clientservercommunication\include\shared\../shared/package.h(171): note: type is 'unknown-type'
c:\users\luxan\downloads\qtprojects\qtprojects\clientservercommunication\include\shared\../shared/package.h(190): error C2061: syntax error: identifier 'PackageBuffer'
c:\users\luxan\downloads\qtprojects\qtprojects\clientservercommunication\include\shared\../shared/package.h(191): error C2065: 'buf': undeclared identifier
c:\users\luxan\downloads\qtprojects\qtprojects\clientservercommunication\include\shared\../shared/package.h(197): error C2065: 'buff': undeclared identifier
c:\users\luxan\downloads\qtprojects\qtprojects\clientservercommunication\include\shared\../shared/package.h(197): error C2227: left of '->getLength' must point to class/struct/union/generic type
  c:\users\luxan\downloads\qtprojects\qtprojects\clientservercommunication\include\shared\../shared/package.h(197): note: type is 'unknown-type'
c:\users\luxan\downloads\qtprojects\qtprojects\clientservercommunication\include\shared\../shared/package.h(202): error C2065: 'buff': undeclared identifier
c:\users\luxan\downloads\qtprojects\qtprojects\clientservercommunication\include\shared\../shared/package.h(202): error C2227: left of '->getLength' must point to class/struct/union/generic type
  c:\users\luxan\downloads\qtprojects\qtprojects\clientservercommunication\include\shared\../shared/package.h(202): note: type is 'unknown-type'
c:\users\luxan\downloads\qtprojects\qtprojects\clientservercommunication\include\server\../server/impulse.h(88): error C2248: 'std::thread::id::id': cannot access private member declared in class 'std::thread::id'
  C:\Program Files (x86)\Microsoft Visual Studio 14.0\VC\include\thread(166): note: see declaration of 'std::thread::id::id'
  C:\Program Files (x86)\Microsoft Visual Studio 14.0\VC\include\thread(150): note: see declaration of 'std::thread::id'
  message_processor.cpp
c:\users\luxan\downloads\qtprojects\qtprojects\clientservercommunication\include\shared\../shared/package.h(123): error C2143: syntax error: missing ';' before '*'
c:\users\luxan\downloads\qtprojects\qtprojects\clientservercommunication\include\shared\../shared/package.h(123): error C4430: missing type specifier - int assumed. Note: C++ does not support default-int
c:\users\luxan\downloads\qtprojects\qtprojects\clientservercommunication\include\shared\../shared/package.h(123): error C2238: unexpected token(s) preceding ';'
c:\users\luxan\downloads\qtprojects\qtprojects\clientservercommunication\include\shared\../shared/package.h(125): error C2061: syntax error: identifier 'PackageBuffer'
c:\users\luxan\downloads\qtprojects\qtprojects\clientservercommunication\include\shared\../shared/package.h(126): error C2065: 'buf': undeclared identifier
c:\users\luxan\downloads\qtprojects\qtprojects\clientservercommunication\include\shared\../shared/package.h(127): error C2614: 'PackageMultiPackage': illegal member initialization: 'buff' is not a base or member
c:\users\luxan\downloads\qtprojects\qtprojects\clientservercommunication\include\shared\../shared/package.h(128): error C2065: 'buf': undeclared identifier
c:\users\luxan\downloads\qtprojects\qtprojects\clientservercommunication\include\shared\../shared/package.h(132): error C2065: 'buf': undeclared identifier
c:\users\luxan\downloads\qtprojects\qtprojects\clientservercommunication\include\shared\../shared/package.h(132): error C2227: left of '->getLength' must point to class/struct/union/generic type
  c:\users\luxan\downloads\qtprojects\qtprojects\clientservercommunication\include\shared\../shared/package.h(132): note: type is 'unknown-type'
c:\users\luxan\downloads\qtprojects\qtprojects\clientservercommunication\include\shared\../shared/package.h(134): error C2065: 'buf': undeclared identifier
c:\users\luxan\downloads\qtprojects\qtprojects\clientservercommunication\include\shared\../shared/package.h(134): error C2227: left of '->fillBuffer' must point to class/struct/union/generic type
  c:\users\luxan\downloads\qtprojects\qtprojects\clientservercommunication\include\shared\../shared/package.h(134): note: type is 'unknown-type'
c:\users\luxan\downloads\qtprojects\qtprojects\clientservercommunication\include\shared\../shared/package.h(135): error C2065: 'buf': undeclared identifier
c:\users\luxan\downloads\qtprojects\qtprojects\clientservercommunication\include\shared\../shared/package.h(135): error C2227: left of '->fillBuffer' must point to class/struct/union/generic type
  c:\users\luxan\downloads\qtprojects\qtprojects\clientservercommunication\include\shared\../shared/package.h(135): note: type is 'unknown-type'
c:\users\luxan\downloads\qtprojects\qtprojects\clientservercommunication\include\shared\../shared/package.h(140): error C2065: 'buff': undeclared identifier
c:\users\luxan\downloads\qtprojects\qtprojects\clientservercommunication\include\shared\../shared/package.h(140): error C2541: 'delete': cannot delete objects that are not pointers
c:\users\luxan\downloads\qtprojects\qtprojects\clientservercommunication\include\shared\../shared/package.h(150): error C2143: syntax error: missing ';' before '*'
c:\users\luxan\downloads\qtprojects\qtprojects\clientservercommunication\include\shared\../shared/package.h(150): error C4430: missing type specifier - int assumed. Note: C++ does not support default-int
c:\users\luxan\downloads\qtprojects\qtprojects\clientservercommunication\include\shared\../shared/package.h(150): error C2238: unexpected token(s) preceding ';'
c:\users\luxan\downloads\qtprojects\qtprojects\clientservercommunication\include\shared\../shared/package.h(165): error C2061: syntax error: identifier 'PackageBuffer'
c:\users\luxan\downloads\qtprojects\qtprojects\clientservercommunication\include\shared\../shared/package.h(154): error C2065: 'buff': undeclared identifier
c:\users\luxan\downloads\qtprojects\qtprojects\clientservercommunication\include\shared\../shared/package.h(154): error C2227: left of '->getLength' must point to class/struct/union/generic type
  c:\users\luxan\downloads\qtprojects\qtprojects\clientservercommunication\include\shared\../shared/package.h(154): note: type is 'unknown-type'
c:\users\luxan\downloads\qtprojects\qtprojects\clientservercommunication\include\shared\../shared/package.h(166): error C2065: 'buf': undeclared identifier
c:\users\luxan\downloads\qtprojects\qtprojects\clientservercommunication\include\shared\../shared/package.h(167): error C2614: 'PackageRequestAutocomplete': illegal member initialization: 'buff' is not a base or member
c:\users\luxan\downloads\qtprojects\qtprojects\clientservercommunication\include\shared\../shared/package.h(171): error C2065: 'buff': undeclared identifier
c:\users\luxan\downloads\qtprojects\qtprojects\clientservercommunication\include\shared\../shared/package.h(171): error C2227: left of '->getLength' must point to class/struct/union/generic type
  c:\users\luxan\downloads\qtprojects\qtprojects\clientservercommunication\include\shared\../shared/package.h(171): note: type is 'unknown-type'
c:\users\luxan\downloads\qtprojects\qtprojects\clientservercommunication\include\shared\../shared/package.h(190): error C2061: syntax error: identifier 'PackageBuffer'
c:\users\luxan\downloads\qtprojects\qtprojects\clientservercommunication\include\shared\../shared/package.h(191): error C2065: 'buf': undeclared identifier
c:\users\luxan\downloads\qtprojects\qtprojects\clientservercommunication\include\shared\../shared/package.h(197): error C2065: 'buff': undeclared identifier
c:\users\luxan\downloads\qtprojects\qtprojects\clientservercommunication\include\shared\../shared/package.h(197): error C2227: left of '->getLength' must point to class/struct/union/generic type
  c:\users\luxan\downloads\qtprojects\qtprojects\clientservercommunication\include\shared\../shared/package.h(197): note: type is 'unknown-type'
c:\users\luxan\downloads\qtprojects\qtprojects\clientservercommunication\include\shared\../shared/package.h(202): error C2065: 'buff': undeclared identifier
c:\users\luxan\downloads\qtprojects\qtprojects\clientservercommunication\include\shared\../shared/package.h(202): error C2227: left of '->getLength' must point to class/struct/union/generic type
  c:\users\luxan\downloads\qtprojects\qtprojects\clientservercommunication\include\shared\../shared/package.h(202): note: type is 'unknown-type'
c:\users\luxan\downloads\qtprojects\qtprojects\clientservercommunication\include\server\../server/impulse.h(88): error C2248: 'std::thread::id::id': cannot access private member declared in class 'std::thread::id'
  C:\Program Files (x86)\Microsoft Visual Studio 14.0\VC\include\thread(166): note: see declaration of 'std::thread::id::id'
  C:\Program Files (x86)\Microsoft Visual Studio 14.0\VC\include\thread(150): note: see declaration of 'std::thread::id'
  message_collector.cpp
c:\users\luxan\downloads\qtprojects\qtprojects\clientservercommunication\include\shared\../shared/package.h(123): error C2143: syntax error: missing ';' before '*'
c:\users\luxan\downloads\qtprojects\qtprojects\clientservercommunication\include\shared\../shared/package.h(123): error C4430: missing type specifier - int assumed. Note: C++ does not support default-int
c:\users\luxan\downloads\qtprojects\qtprojects\clientservercommunication\include\shared\../shared/package.h(123): error C2238: unexpected token(s) preceding ';'
c:\users\luxan\downloads\qtprojects\qtprojects\clientservercommunication\include\shared\../shared/package.h(125): error C2061: syntax error: identifier 'PackageBuffer'
c:\users\luxan\downloads\qtprojects\qtprojects\clientservercommunication\include\shared\../shared/package.h(126): error C2065: 'buf': undeclared identifier
c:\users\luxan\downloads\qtprojects\qtprojects\clientservercommunication\include\shared\../shared/package.h(127): error C2614: 'PackageMultiPackage': illegal member initialization: 'buff' is not a base or member
c:\users\luxan\downloads\qtprojects\qtprojects\clientservercommunication\include\shared\../shared/package.h(128): error C2065: 'buf': undeclared identifier
c:\users\luxan\downloads\qtprojects\qtprojects\clientservercommunication\include\shared\../shared/package.h(132): error C2065: 'buf': undeclared identifier
c:\users\luxan\downloads\qtprojects\qtprojects\clientservercommunication\include\shared\../shared/package.h(132): error C2227: left of '->getLength' must point to class/struct/union/generic type
  c:\users\luxan\downloads\qtprojects\qtprojects\clientservercommunication\include\shared\../shared/package.h(132): note: type is 'unknown-type'
c:\users\luxan\downloads\qtprojects\qtprojects\clientservercommunication\include\shared\../shared/package.h(134): error C2065: 'buf': undeclared identifier
c:\users\luxan\downloads\qtprojects\qtprojects\clientservercommunication\include\shared\../shared/package.h(134): error C2227: left of '->fillBuffer' must point to class/struct/union/generic type
  c:\users\luxan\downloads\qtprojects\qtprojects\clientservercommunication\include\shared\../shared/package.h(134): note: type is 'unknown-type'
c:\users\luxan\downloads\qtprojects\qtprojects\clientservercommunication\include\shared\../shared/package.h(135): error C2065: 'buf': undeclared identifier
c:\users\luxan\downloads\qtprojects\qtprojects\clientservercommunication\include\shared\../shared/package.h(135): error C2227: left of '->fillBuffer' must point to class/struct/union/generic type
  c:\users\luxan\downloads\qtprojects\qtprojects\clientservercommunication\include\shared\../shared/package.h(135): note: type is 'unknown-type'
c:\users\luxan\downloads\qtprojects\qtprojects\clientservercommunication\include\shared\../shared/package.h(140): error C2065: 'buff': undeclared identifier
c:\users\luxan\downloads\qtprojects\qtprojects\clientservercommunication\include\shared\../shared/package.h(140): error C2541: 'delete': cannot delete objects that are not pointers
c:\users\luxan\downloads\qtprojects\qtprojects\clientservercommunication\include\shared\../shared/package.h(150): error C2143: syntax error: missing ';' before '*'
c:\users\luxan\downloads\qtprojects\qtprojects\clientservercommunication\include\shared\../shared/package.h(150): error C4430: missing type specifier - int assumed. Note: C++ does not support default-int
c:\users\luxan\downloads\qtprojects\qtprojects\clientservercommunication\include\shared\../shared/package.h(150): error C2238: unexpected token(s) preceding ';'
c:\users\luxan\downloads\qtprojects\qtprojects\clientservercommunication\include\shared\../shared/package.h(165): error C2061: syntax error: identifier 'PackageBuffer'
c:\users\luxan\downloads\qtprojects\qtprojects\clientservercommunication\include\shared\../shared/package.h(154): error C2065: 'buff': undeclared identifier
c:\users\luxan\downloads\qtprojects\qtprojects\clientservercommunication\include\shared\../shared/package.h(154): error C2227: left of '->getLength' must point to class/struct/union/generic type
  c:\users\luxan\downloads\qtprojects\qtprojects\clientservercommunication\include\shared\../shared/package.h(154): note: type is 'unknown-type'
c:\users\luxan\downloads\qtprojects\qtprojects\clientservercommunication\include\shared\../shared/package.h(166): error C2065: 'buf': undeclared identifier
c:\users\luxan\downloads\qtprojects\qtprojects\clientservercommunication\include\shared\../shared/package.h(167): error C2614: 'PackageRequestAutocomplete': illegal member initialization: 'buff' is not a base or member
c:\users\luxan\downloads\qtprojects\qtprojects\clientservercommunication\include\shared\../shared/package.h(171): error C2065: 'buff': undeclared identifier
c:\users\luxan\downloads\qtprojects\qtprojects\clientservercommunication\include\shared\../shared/package.h(171): error C2227: left of '->getLength' must point to class/struct/union/generic type
  c:\users\luxan\downloads\qtprojects\qtprojects\clientservercommunication\include\shared\../shared/package.h(171): note: type is 'unknown-type'
c:\users\luxan\downloads\qtprojects\qtprojects\clientservercommunication\include\shared\../shared/package.h(190): error C2061: syntax error: identifier 'PackageBuffer'
c:\users\luxan\downloads\qtprojects\qtprojects\clientservercommunication\include\shared\../shared/package.h(191): error C2065: 'buf': undeclared identifier
c:\users\luxan\downloads\qtprojects\qtprojects\clientservercommunication\include\shared\../shared/package.h(197): error C2065: 'buff': undeclared identifier
c:\users\luxan\downloads\qtprojects\qtprojects\clientservercommunication\include\shared\../shared/package.h(197): error C2227: left of '->getLength' must point to class/struct/union/generic type
  c:\users\luxan\downloads\qtprojects\qtprojects\clientservercommunication\include\shared\../shared/package.h(197): note: type is 'unknown-type'
c:\users\luxan\downloads\qtprojects\qtprojects\clientservercommunication\include\shared\../shared/package.h(202): error C2065: 'buff': undeclared identifier
c:\users\luxan\downloads\qtprojects\qtprojects\clientservercommunication\include\shared\../shared/package.h(202): error C2227: left of '->getLength' must point to class/struct/union/generic type
  c:\users\luxan\downloads\qtprojects\qtprojects\clientservercommunication\include\shared\../shared/package.h(202): note: type is 'unknown-type'
c:\users\luxan\downloads\qtprojects\qtprojects\clientservercommunication\src\server\../../include/server/impulse.h(88): error C2248: 'std::thread::id::id': cannot access private member declared in class 'std::thread::id'
  C:\Program Files (x86)\Microsoft Visual Studio 14.0\VC\include\thread(166): note: see declaration of 'std::thread::id::id'
  C:\Program Files (x86)\Microsoft Visual Studio 14.0\VC\include\thread(150): note: see declaration of 'std::thread::id'
c:\users\luxan\downloads\qtprojects\qtprojects\clientservercommunication\include\server\../server/mainwindow.h(4): fatal error C1083: Cannot open include file: 'QMainWindow': No such file or directory
  mainwindow.cpp
c:\users\luxan\downloads\qtprojects\qtprojects\clientservercommunication\src\server\../../include/server/mainwindow.h(4): fatal error C1083: Cannot open include file: 'QMainWindow': No such file or directory
  interface_thread.cpp
c:\users\luxan\downloads\qtprojects\qtprojects\clientservercommunication\include\shared\../shared/package.h(123): error C2143: syntax error: missing ';' before '*'
c:\users\luxan\downloads\qtprojects\qtprojects\clientservercommunication\include\shared\../shared/package.h(123): error C4430: missing type specifier - int assumed. Note: C++ does not support default-int
c:\users\luxan\downloads\qtprojects\qtprojects\clientservercommunication\include\shared\../shared/package.h(123): error C2238: unexpected token(s) preceding ';'
c:\users\luxan\downloads\qtprojects\qtprojects\clientservercommunication\include\shared\../shared/package.h(125): error C2061: syntax error: identifier 'PackageBuffer'
c:\users\luxan\downloads\qtprojects\qtprojects\clientservercommunication\include\shared\../shared/package.h(126): error C2065: 'buf': undeclared identifier
c:\users\luxan\downloads\qtprojects\qtprojects\clientservercommunication\include\shared\../shared/package.h(127): error C2614: 'PackageMultiPackage': illegal member initialization: 'buff' is not a base or member
c:\users\luxan\downloads\qtprojects\qtprojects\clientservercommunication\include\shared\../shared/package.h(128): error C2065: 'buf': undeclared identifier
c:\users\luxan\downloads\qtprojects\qtprojects\clientservercommunication\include\shared\../shared/package.h(132): error C2065: 'buf': undeclared identifier
c:\users\luxan\downloads\qtprojects\qtprojects\clientservercommunication\include\shared\../shared/package.h(132): error C2227: left of '->getLength' must point to class/struct/union/generic type
  c:\users\luxan\downloads\qtprojects\qtprojects\clientservercommunication\include\shared\../shared/package.h(132): note: type is 'unknown-type'
c:\users\luxan\downloads\qtprojects\qtprojects\clientservercommunication\include\shared\../shared/package.h(134): error C2065: 'buf': undeclared identifier
c:\users\luxan\downloads\qtprojects\qtprojects\clientservercommunication\include\shared\../shared/package.h(134): error C2227: left of '->fillBuffer' must point to class/struct/union/generic type
  c:\users\luxan\downloads\qtprojects\qtprojects\clientservercommunication\include\shared\../shared/package.h(134): note: type is 'unknown-type'
c:\users\luxan\downloads\qtprojects\qtprojects\clientservercommunication\include\shared\../shared/package.h(135): error C2065: 'buf': undeclared identifier
c:\users\luxan\downloads\qtprojects\qtprojects\clientservercommunication\include\shared\../shared/package.h(135): error C2227: left of '->fillBuffer' must point to class/struct/union/generic type
  c:\users\luxan\downloads\qtprojects\qtprojects\clientservercommunication\include\shared\../shared/package.h(135): note: type is 'unknown-type'
c:\users\luxan\downloads\qtprojects\qtprojects\clientservercommunication\include\shared\../shared/package.h(140): error C2065: 'buff': undeclared identifier
c:\users\luxan\downloads\qtprojects\qtprojects\clientservercommunication\include\shared\../shared/package.h(140): error C2541: 'delete': cannot delete objects that are not pointers
c:\users\luxan\downloads\qtprojects\qtprojects\clientservercommunication\include\shared\../shared/package.h(150): error C2143: syntax error: missing ';' before '*'
c:\users\luxan\downloads\qtprojects\qtprojects\clientservercommunication\include\shared\../shared/package.h(150): error C4430: missing type specifier - int assumed. Note: C++ does not support default-int
c:\users\luxan\downloads\qtprojects\qtprojects\clientservercommunication\include\shared\../shared/package.h(150): error C2238: unexpected token(s) preceding ';'
c:\users\luxan\downloads\qtprojects\qtprojects\clientservercommunication\include\shared\../shared/package.h(165): error C2061: syntax error: identifier 'PackageBuffer'
c:\users\luxan\downloads\qtprojects\qtprojects\clientservercommunication\include\shared\../shared/package.h(154): error C2065: 'buff': undeclared identifier
c:\users\luxan\downloads\qtprojects\qtprojects\clientservercommunication\include\shared\../shared/package.h(154): error C2227: left of '->getLength' must point to class/struct/union/generic type
  c:\users\luxan\downloads\qtprojects\qtprojects\clientservercommunication\include\shared\../shared/package.h(154): note: type is 'unknown-type'
c:\users\luxan\downloads\qtprojects\qtprojects\clientservercommunication\include\shared\../shared/package.h(166): error C2065: 'buf': undeclared identifier
c:\users\luxan\downloads\qtprojects\qtprojects\clientservercommunication\include\shared\../shared/package.h(167): error C2614: 'PackageRequestAutocomplete': illegal member initialization: 'buff' is not a base or member
c:\users\luxan\downloads\qtprojects\qtprojects\clientservercommunication\include\shared\../shared/package.h(171): error C2065: 'buff': undeclared identifier
c:\users\luxan\downloads\qtprojects\qtprojects\clientservercommunication\include\shared\../shared/package.h(171): error C2227: left of '->getLength' must point to class/struct/union/generic type
  c:\users\luxan\downloads\qtprojects\qtprojects\clientservercommunication\include\shared\../shared/package.h(171): note: type is 'unknown-type'
c:\users\luxan\downloads\qtprojects\qtprojects\clientservercommunication\include\shared\../shared/package.h(190): error C2061: syntax error: identifier 'PackageBuffer'
c:\users\luxan\downloads\qtprojects\qtprojects\clientservercommunication\include\shared\../shared/package.h(191): error C2065: 'buf': undeclared identifier
c:\users\luxan\downloads\qtprojects\qtprojects\clientservercommunication\include\shared\../shared/package.h(197): error C2065: 'buff': undeclared identifier
c:\users\luxan\downloads\qtprojects\qtprojects\clientservercommunication\include\shared\../shared/package.h(197): error C2227: left of '->getLength' must point to class/struct/union/generic type
  c:\users\luxan\downloads\qtprojects\qtprojects\clientservercommunication\include\shared\../shared/package.h(197): note: type is 'unknown-type'
c:\users\luxan\downloads\qtprojects\qtprojects\clientservercommunication\include\shared\../shared/package.h(202): error C2065: 'buff': undeclared identifier
c:\users\luxan\downloads\qtprojects\qtprojects\clientservercommunication\include\shared\../shared/package.h(202): error C2227: left of '->getLength' must point to class/struct/union/generic type
  c:\users\luxan\downloads\qtprojects\qtprojects\clientservercommunication\include\shared\../shared/package.h(202): note: type is 'unknown-type'
c:\users\luxan\downloads\qtprojects\qtprojects\clientservercommunication\include\server\../server/impulse.h(88): error C2248: 'std::thread::id::id': cannot access private member declared in class 'std::thread::id'
  C:\Program Files (x86)\Microsoft Visual Studio 14.0\VC\include\thread(166): note: see declaration of 'std::thread::id::id'
  C:\Program Files (x86)\Microsoft Visual Studio 14.0\VC\include\thread(150): note: see declaration of 'std::thread::id'
  interface_communication_controller.cpp
  interface_communication.cpp
c:\users\luxan\downloads\qtprojects\qtprojects\clientservercommunication\include\shared\../shared/package.h(123): error C2143: syntax error: missing ';' before '*'
c:\users\luxan\downloads\qtprojects\qtprojects\clientservercommunication\include\shared\../shared/package.h(123): error C4430: missing type specifier - int assumed. Note: C++ does not support default-int
c:\users\luxan\downloads\qtprojects\qtprojects\clientservercommunication\include\shared\../shared/package.h(123): error C2238: unexpected token(s) preceding ';'
c:\users\luxan\downloads\qtprojects\qtprojects\clientservercommunication\include\shared\../shared/package.h(125): error C2061: syntax error: identifier 'PackageBuffer'
c:\users\luxan\downloads\qtprojects\qtprojects\clientservercommunication\include\shared\../shared/package.h(126): error C2065: 'buf': undeclared identifier
c:\users\luxan\downloads\qtprojects\qtprojects\clientservercommunication\include\shared\../shared/package.h(127): error C2614: 'PackageMultiPackage': illegal member initialization: 'buff' is not a base or member
c:\users\luxan\downloads\qtprojects\qtprojects\clientservercommunication\include\shared\../shared/package.h(128): error C2065: 'buf': undeclared identifier
c:\users\luxan\downloads\qtprojects\qtprojects\clientservercommunication\include\shared\../shared/package.h(132): error C2065: 'buf': undeclared identifier
c:\users\luxan\downloads\qtprojects\qtprojects\clientservercommunication\include\shared\../shared/package.h(132): error C2227: left of '->getLength' must point to class/struct/union/generic type
  c:\users\luxan\downloads\qtprojects\qtprojects\clientservercommunication\include\shared\../shared/package.h(132): note: type is 'unknown-type'
c:\users\luxan\downloads\qtprojects\qtprojects\clientservercommunication\include\shared\../shared/package.h(134): error C2065: 'buf': undeclared identifier
c:\users\luxan\downloads\qtprojects\qtprojects\clientservercommunication\include\shared\../shared/package.h(134): error C2227: left of '->fillBuffer' must point to class/struct/union/generic type
  c:\users\luxan\downloads\qtprojects\qtprojects\clientservercommunication\include\shared\../shared/package.h(134): note: type is 'unknown-type'
c:\users\luxan\downloads\qtprojects\qtprojects\clientservercommunication\include\shared\../shared/package.h(135): error C2065: 'buf': undeclared identifier
c:\users\luxan\downloads\qtprojects\qtprojects\clientservercommunication\include\shared\../shared/package.h(135): error C2227: left of '->fillBuffer' must point to class/struct/union/generic type
  c:\users\luxan\downloads\qtprojects\qtprojects\clientservercommunication\include\shared\../shared/package.h(135): note: type is 'unknown-type'
c:\users\luxan\downloads\qtprojects\qtprojects\clientservercommunication\include\shared\../shared/package.h(140): error C2065: 'buff': undeclared identifier
c:\users\luxan\downloads\qtprojects\qtprojects\clientservercommunication\include\shared\../shared/package.h(140): error C2541: 'delete': cannot delete objects that are not pointers
c:\users\luxan\downloads\qtprojects\qtprojects\clientservercommunication\include\shared\../shared/package.h(150): error C2143: syntax error: missing ';' before '*'
c:\users\luxan\downloads\qtprojects\qtprojects\clientservercommunication\include\shared\../shared/package.h(150): error C4430: missing type specifier - int assumed. Note: C++ does not support default-int
c:\users\luxan\downloads\qtprojects\qtprojects\clientservercommunication\include\shared\../shared/package.h(150): error C2238: unexpected token(s) preceding ';'
c:\users\luxan\downloads\qtprojects\qtprojects\clientservercommunication\include\shared\../shared/package.h(165): error C2061: syntax error: identifier 'PackageBuffer'
c:\users\luxan\downloads\qtprojects\qtprojects\clientservercommunication\include\shared\../shared/package.h(154): error C2065: 'buff': undeclared identifier
c:\users\luxan\downloads\qtprojects\qtprojects\clientservercommunication\include\shared\../shared/package.h(154): error C2227: left of '->getLength' must point to class/struct/union/generic type
  c:\users\luxan\downloads\qtprojects\qtprojects\clientservercommunication\include\shared\../shared/package.h(154): note: type is 'unknown-type'
c:\users\luxan\downloads\qtprojects\qtprojects\clientservercommunication\include\shared\../shared/package.h(166): error C2065: 'buf': undeclared identifier
c:\users\luxan\downloads\qtprojects\qtprojects\clientservercommunication\include\shared\../shared/package.h(167): error C2614: 'PackageRequestAutocomplete': illegal member initialization: 'buff' is not a base or member
c:\users\luxan\downloads\qtprojects\qtprojects\clientservercommunication\include\shared\../shared/package.h(171): error C2065: 'buff': undeclared identifier
c:\users\luxan\downloads\qtprojects\qtprojects\clientservercommunication\include\shared\../shared/package.h(171): error C2227: left of '->getLength' must point to class/struct/union/generic type
  c:\users\luxan\downloads\qtprojects\qtprojects\clientservercommunication\include\shared\../shared/package.h(171): note: type is 'unknown-type'
c:\users\luxan\downloads\qtprojects\qtprojects\clientservercommunication\include\shared\../shared/package.h(190): error C2061: syntax error: identifier 'PackageBuffer'
c:\users\luxan\downloads\qtprojects\qtprojects\clientservercommunication\include\shared\../shared/package.h(191): error C2065: 'buf': undeclared identifier
c:\users\luxan\downloads\qtprojects\qtprojects\clientservercommunication\include\shared\../shared/package.h(197): error C2065: 'buff': undeclared identifier
c:\users\luxan\downloads\qtprojects\qtprojects\clientservercommunication\include\shared\../shared/package.h(197): error C2227: left of '->getLength' must point to class/struct/union/generic type
  c:\users\luxan\downloads\qtprojects\qtprojects\clientservercommunication\include\shared\../shared/package.h(197): note: type is 'unknown-type'
c:\users\luxan\downloads\qtprojects\qtprojects\clientservercommunication\include\shared\../shared/package.h(202): error C2065: 'buff': undeclared identifier
c:\users\luxan\downloads\qtprojects\qtprojects\clientservercommunication\include\shared\../shared/package.h(202): error C2227: left of '->getLength' must point to class/struct/union/generic type
  c:\users\luxan\downloads\qtprojects\qtprojects\clientservercommunication\include\shared\../shared/package.h(202): note: type is 'unknown-type'
c:\users\luxan\downloads\qtprojects\qtprojects\clientservercommunication\include\server\../server/impulse.h(88): error C2248: 'std::thread::id::id': cannot access private member declared in class 'std::thread::id'
  C:\Program Files (x86)\Microsoft Visual Studio 14.0\VC\include\thread(166): note: see declaration of 'std::thread::id::id'
  C:\Program Files (x86)\Microsoft Visual Studio 14.0\VC\include\thread(150): note: see declaration of 'std::thread::id'
  Generating Code...
  Compiling...
  database.cpp
..\..\src\server\database.cpp(6): fatal error C1083: Cannot open include file: 'QSqlQuery': No such file or directory
  controller_tcpchannel_messagecollector.cpp
c:\users\luxan\downloads\qtprojects\qtprojects\clientservercommunication\src\server\../../include/server/tcpchannel.h(7): fatal error C1083: Cannot open include file: 'netinet/in.h': No such file or directory
  controller_messageprocessor_messageworker.cpp
c:\users\luxan\downloads\qtprojects\qtprojects\clientservercommunication\include\shared\../shared/package.h(123): error C2143: syntax error: missing ';' before '*'
c:\users\luxan\downloads\qtprojects\qtprojects\clientservercommunication\include\shared\../shared/package.h(123): error C4430: missing type specifier - int assumed. Note: C++ does not support default-int
c:\users\luxan\downloads\qtprojects\qtprojects\clientservercommunication\include\shared\../shared/package.h(123): error C2238: unexpected token(s) preceding ';'
c:\users\luxan\downloads\qtprojects\qtprojects\clientservercommunication\include\shared\../shared/package.h(125): error C2061: syntax error: identifier 'PackageBuffer'
c:\users\luxan\downloads\qtprojects\qtprojects\clientservercommunication\include\shared\../shared/package.h(126): error C2065: 'buf': undeclared identifier
c:\users\luxan\downloads\qtprojects\qtprojects\clientservercommunication\include\shared\../shared/package.h(127): error C2614: 'PackageMultiPackage': illegal member initialization: 'buff' is not a base or member
c:\users\luxan\downloads\qtprojects\qtprojects\clientservercommunication\include\shared\../shared/package.h(128): error C2065: 'buf': undeclared identifier
c:\users\luxan\downloads\qtprojects\qtprojects\clientservercommunication\include\shared\../shared/package.h(132): error C2065: 'buf': undeclared identifier
c:\users\luxan\downloads\qtprojects\qtprojects\clientservercommunication\include\shared\../shared/package.h(132): error C2227: left of '->getLength' must point to class/struct/union/generic type
  c:\users\luxan\downloads\qtprojects\qtprojects\clientservercommunication\include\shared\../shared/package.h(132): note: type is 'unknown-type'
c:\users\luxan\downloads\qtprojects\qtprojects\clientservercommunication\include\shared\../shared/package.h(134): error C2065: 'buf': undeclared identifier
c:\users\luxan\downloads\qtprojects\qtprojects\clientservercommunication\include\shared\../shared/package.h(134): error C2227: left of '->fillBuffer' must point to class/struct/union/generic type
  c:\users\luxan\downloads\qtprojects\qtprojects\clientservercommunication\include\shared\../shared/package.h(134): note: type is 'unknown-type'
c:\users\luxan\downloads\qtprojects\qtprojects\clientservercommunication\include\shared\../shared/package.h(135): error C2065: 'buf': undeclared identifier
c:\users\luxan\downloads\qtprojects\qtprojects\clientservercommunication\include\shared\../shared/package.h(135): error C2227: left of '->fillBuffer' must point to class/struct/union/generic type
  c:\users\luxan\downloads\qtprojects\qtprojects\clientservercommunication\include\shared\../shared/package.h(135): note: type is 'unknown-type'
c:\users\luxan\downloads\qtprojects\qtprojects\clientservercommunication\include\shared\../shared/package.h(140): error C2065: 'buff': undeclared identifier
c:\users\luxan\downloads\qtprojects\qtprojects\clientservercommunication\include\shared\../shared/package.h(140): error C2541: 'delete': cannot delete objects that are not pointers
c:\users\luxan\downloads\qtprojects\qtprojects\clientservercommunication\include\shared\../shared/package.h(150): error C2143: syntax error: missing ';' before '*'
c:\users\luxan\downloads\qtprojects\qtprojects\clientservercommunication\include\shared\../shared/package.h(150): error C4430: missing type specifier - int assumed. Note: C++ does not support default-int
c:\users\luxan\downloads\qtprojects\qtprojects\clientservercommunication\include\shared\../shared/package.h(150): error C2238: unexpected token(s) preceding ';'
c:\users\luxan\downloads\qtprojects\qtprojects\clientservercommunication\include\shared\../shared/package.h(165): error C2061: syntax error: identifier 'PackageBuffer'
c:\users\luxan\downloads\qtprojects\qtprojects\clientservercommunication\include\shared\../shared/package.h(154): error C2065: 'buff': undeclared identifier
c:\users\luxan\downloads\qtprojects\qtprojects\clientservercommunication\include\shared\../shared/package.h(154): error C2227: left of '->getLength' must point to class/struct/union/generic type
  c:\users\luxan\downloads\qtprojects\qtprojects\clientservercommunication\include\shared\../shared/package.h(154): note: type is 'unknown-type'
c:\users\luxan\downloads\qtprojects\qtprojects\clientservercommunication\include\shared\../shared/package.h(166): error C2065: 'buf': undeclared identifier
c:\users\luxan\downloads\qtprojects\qtprojects\clientservercommunication\include\shared\../shared/package.h(167): error C2614: 'PackageRequestAutocomplete': illegal member initialization: 'buff' is not a base or member
c:\users\luxan\downloads\qtprojects\qtprojects\clientservercommunication\include\shared\../shared/package.h(171): error C2065: 'buff': undeclared identifier
c:\users\luxan\downloads\qtprojects\qtprojects\clientservercommunication\include\shared\../shared/package.h(171): error C2227: left of '->getLength' must point to class/struct/union/generic type
  c:\users\luxan\downloads\qtprojects\qtprojects\clientservercommunication\include\shared\../shared/package.h(171): note: type is 'unknown-type'
c:\users\luxan\downloads\qtprojects\qtprojects\clientservercommunication\include\shared\../shared/package.h(190): error C2061: syntax error: identifier 'PackageBuffer'
c:\users\luxan\downloads\qtprojects\qtprojects\clientservercommunication\include\shared\../shared/package.h(191): error C2065: 'buf': undeclared identifier
c:\users\luxan\downloads\qtprojects\qtprojects\clientservercommunication\include\shared\../shared/package.h(197): error C2065: 'buff': undeclared identifier
c:\users\luxan\downloads\qtprojects\qtprojects\clientservercommunication\include\shared\../shared/package.h(197): error C2227: left of '->getLength' must point to class/struct/union/generic type
  c:\users\luxan\downloads\qtprojects\qtprojects\clientservercommunication\include\shared\../shared/package.h(197): note: type is 'unknown-type'
c:\users\luxan\downloads\qtprojects\qtprojects\clientservercommunication\include\shared\../shared/package.h(202): error C2065: 'buff': undeclared identifier
c:\users\luxan\downloads\qtprojects\qtprojects\clientservercommunication\include\shared\../shared/package.h(202): error C2227: left of '->getLength' must point to class/struct/union/generic type
  c:\users\luxan\downloads\qtprojects\qtprojects\clientservercommunication\include\shared\../shared/package.h(202): note: type is 'unknown-type'
c:\users\luxan\downloads\qtprojects\qtprojects\clientservercommunication\include\server\../server/impulse.h(88): error C2248: 'std::thread::id::id': cannot access private member declared in class 'std::thread::id'
  C:\Program Files (x86)\Microsoft Visual Studio 14.0\VC\include\thread(166): note: see declaration of 'std::thread::id::id'
  C:\Program Files (x86)\Microsoft Visual Studio 14.0\VC\include\thread(150): note: see declaration of 'std::thread::id'
c:\users\luxan\downloads\qtprojects\qtprojects\clientservercommunication\include\server\../server/mainwindow.h(4): fatal error C1083: Cannot open include file: 'QMainWindow': No such file or directory
  controller_messagecollector_messageprocessor.cpp
c:\users\luxan\downloads\qtprojects\qtprojects\clientservercommunication\include\shared\../shared/package.h(123): error C2143: syntax error: missing ';' before '*'
c:\users\luxan\downloads\qtprojects\qtprojects\clientservercommunication\include\shared\../shared/package.h(123): error C4430: missing type specifier - int assumed. Note: C++ does not support default-int
c:\users\luxan\downloads\qtprojects\qtprojects\clientservercommunication\include\shared\../shared/package.h(123): error C2238: unexpected token(s) preceding ';'
c:\users\luxan\downloads\qtprojects\qtprojects\clientservercommunication\include\shared\../shared/package.h(125): error C2061: syntax error: identifier 'PackageBuffer'
c:\users\luxan\downloads\qtprojects\qtprojects\clientservercommunication\include\shared\../shared/package.h(126): error C2065: 'buf': undeclared identifier
c:\users\luxan\downloads\qtprojects\qtprojects\clientservercommunication\include\shared\../shared/package.h(127): error C2614: 'PackageMultiPackage': illegal member initialization: 'buff' is not a base or member
c:\users\luxan\downloads\qtprojects\qtprojects\clientservercommunication\include\shared\../shared/package.h(128): error C2065: 'buf': undeclared identifier
c:\users\luxan\downloads\qtprojects\qtprojects\clientservercommunication\include\shared\../shared/package.h(132): error C2065: 'buf': undeclared identifier
c:\users\luxan\downloads\qtprojects\qtprojects\clientservercommunication\include\shared\../shared/package.h(132): error C2227: left of '->getLength' must point to class/struct/union/generic type
  c:\users\luxan\downloads\qtprojects\qtprojects\clientservercommunication\include\shared\../shared/package.h(132): note: type is 'unknown-type'
c:\users\luxan\downloads\qtprojects\qtprojects\clientservercommunication\include\shared\../shared/package.h(134): error C2065: 'buf': undeclared identifier
c:\users\luxan\downloads\qtprojects\qtprojects\clientservercommunication\include\shared\../shared/package.h(134): error C2227: left of '->fillBuffer' must point to class/struct/union/generic type
  c:\users\luxan\downloads\qtprojects\qtprojects\clientservercommunication\include\shared\../shared/package.h(134): note: type is 'unknown-type'
c:\users\luxan\downloads\qtprojects\qtprojects\clientservercommunication\include\shared\../shared/package.h(135): error C2065: 'buf': undeclared identifier
c:\users\luxan\downloads\qtprojects\qtprojects\clientservercommunication\include\shared\../shared/package.h(135): error C2227: left of '->fillBuffer' must point to class/struct/union/generic type
  c:\users\luxan\downloads\qtprojects\qtprojects\clientservercommunication\include\shared\../shared/package.h(135): note: type is 'unknown-type'
c:\users\luxan\downloads\qtprojects\qtprojects\clientservercommunication\include\shared\../shared/package.h(140): error C2065: 'buff': undeclared identifier
c:\users\luxan\downloads\qtprojects\qtprojects\clientservercommunication\include\shared\../shared/package.h(140): error C2541: 'delete': cannot delete objects that are not pointers
c:\users\luxan\downloads\qtprojects\qtprojects\clientservercommunication\include\shared\../shared/package.h(150): error C2143: syntax error: missing ';' before '*'
c:\users\luxan\downloads\qtprojects\qtprojects\clientservercommunication\include\shared\../shared/package.h(150): error C4430: missing type specifier - int assumed. Note: C++ does not support default-int
c:\users\luxan\downloads\qtprojects\qtprojects\clientservercommunication\include\shared\../shared/package.h(150): error C2238: unexpected token(s) preceding ';'
c:\users\luxan\downloads\qtprojects\qtprojects\clientservercommunication\include\shared\../shared/package.h(165): error C2061: syntax error: identifier 'PackageBuffer'
c:\users\luxan\downloads\qtprojects\qtprojects\clientservercommunication\include\shared\../shared/package.h(154): error C2065: 'buff': undeclared identifier
c:\users\luxan\downloads\qtprojects\qtprojects\clientservercommunication\include\shared\../shared/package.h(154): error C2227: left of '->getLength' must point to class/struct/union/generic type
  c:\users\luxan\downloads\qtprojects\qtprojects\clientservercommunication\include\shared\../shared/package.h(154): note: type is 'unknown-type'
c:\users\luxan\downloads\qtprojects\qtprojects\clientservercommunication\include\shared\../shared/package.h(166): error C2065: 'buf': undeclared identifier
c:\users\luxan\downloads\qtprojects\qtprojects\clientservercommunication\include\shared\../shared/package.h(167): error C2614: 'PackageRequestAutocomplete': illegal member initialization: 'buff' is not a base or member
c:\users\luxan\downloads\qtprojects\qtprojects\clientservercommunication\include\shared\../shared/package.h(171): error C2065: 'buff': undeclared identifier
c:\users\luxan\downloads\qtprojects\qtprojects\clientservercommunication\include\shared\../shared/package.h(171): error C2227: left of '->getLength' must point to class/struct/union/generic type
  c:\users\luxan\downloads\qtprojects\qtprojects\clientservercommunication\include\shared\../shared/package.h(171): note: type is 'unknown-type'
c:\users\luxan\downloads\qtprojects\qtprojects\clientservercommunication\include\shared\../shared/package.h(190): error C2061: syntax error: identifier 'PackageBuffer'
c:\users\luxan\downloads\qtprojects\qtprojects\clientservercommunication\include\shared\../shared/package.h(191): error C2065: 'buf': undeclared identifier
c:\users\luxan\downloads\qtprojects\qtprojects\clientservercommunication\include\shared\../shared/package.h(197): error C2065: 'buff': undeclared identifier
c:\users\luxan\downloads\qtprojects\qtprojects\clientservercommunication\include\shared\../shared/package.h(197): error C2227: left of '->getLength' must point to class/struct/union/generic type
  c:\users\luxan\downloads\qtprojects\qtprojects\clientservercommunication\include\shared\../shared/package.h(197): note: type is 'unknown-type'
c:\users\luxan\downloads\qtprojects\qtprojects\clientservercommunication\include\shared\../shared/package.h(202): error C2065: 'buff': undeclared identifier
c:\users\luxan\downloads\qtprojects\qtprojects\clientservercommunication\include\shared\../shared/package.h(202): error C2227: left of '->getLength' must point to class/struct/union/generic type
  c:\users\luxan\downloads\qtprojects\qtprojects\clientservercommunication\include\shared\../shared/package.h(202): note: type is 'unknown-type'
c:\users\luxan\downloads\qtprojects\qtprojects\clientservercommunication\include\server\../server/impulse.h(88): error C2248: 'std::thread::id::id': cannot access private member declared in class 'std::thread::id'
  C:\Program Files (x86)\Microsoft Visual Studio 14.0\VC\include\thread(166): note: see declaration of 'std::thread::id::id'
  C:\Program Files (x86)\Microsoft Visual Studio 14.0\VC\include\thread(150): note: see declaration of 'std::thread::id'
c:\users\luxan\downloads\qtprojects\qtprojects\clientservercommunication\include\server\../server/mainwindow.h(4): fatal error C1083: Cannot open include file: 'QMainWindow': No such file or directory
  controller_gui_tcpchannel.cpp
c:\users\luxan\downloads\qtprojects\qtprojects\clientservercommunication\src\server\../../include/server/mainwindow.h(4): fatal error C1083: Cannot open include file: 'QMainWindow': No such file or directory
  controller_gui_messageprocessor.cpp
c:\users\luxan\downloads\qtprojects\qtprojects\clientservercommunication\src\server\../../include/server/mainwindow.h(4): fatal error C1083: Cannot open include file: 'QMainWindow': No such file or directory
  controller_gui_messagecollector.cpp
c:\users\luxan\downloads\qtprojects\qtprojects\clientservercommunication\src\server\../../include/server/mainwindow.h(4): fatal error C1083: Cannot open include file: 'QMainWindow': No such file or directory
  Generating Code...
